Сборка начата 03.11.2025 21:11:36.
Уровень детализации журнала: Normal.     1>Проект "C:\Users\user\Desktop\VS\ос\OS\lab_5\Lab_5\Lab-05c\Lab-05c.vcxproj" в узле 2 (целевые объекты Build).
     1>PrepareForBuild:
         Структурированный вывод включен. Форматирование диагностики компилятора будет отражать иерархию ошибок. Подробнее см. https://aka.ms/cpp/structured-output.
         Создание каталога "x64\Debug\Lab-05c.tlog\".
       InitializeBuildStatus:
         Создание "x64\Debug\Lab-05c.tlog\unsuccessfulbuild", так как было задано "AlwaysCreate".
         Обращение к "x64\Debug\Lab-05c.tlog\unsuccessfulbuild".
       ClCompile:
         C:\Program Files\Microsoft Visual Studio\2022\Community\VC\Tools\MSVC\14.43.34808\bin\HostX64\x64\CL.exe /c /ZI /JMC /nologo /W3 /WX- /diagnostics:column /sdl /Od /D _DEBUG /D _CONSOLE /D _UNICODE /D UNICODE /Gm- /EHsc /RTC1 /MDd /GS /fp:precise /Zc:wchar_t /Zc:forScope /Zc:inline /permissive- /Fo"x64\Debug\\" /Fd"x64\Debug\vc143.pdb" /external:W3 /Gd /TP /FC /errorReport:prompt "Lab-05c.cpp"
         Lab-05c.cpp
     1>C:\Users\user\Desktop\VS\ос\OS\lab_5\Lab_5\Lab-05c\Lab-05c.cpp(11,20): warning C4311: reinterpret_cast: усечение указателя из "LPVOID" в "int"
     1>C:\Users\user\Desktop\VS\ос\OS\lab_5\Lab_5\Lab-05c\Lab-05c.cpp(11,20): warning C4302: reinterpret_cast: усечение из "LPVOID" к "int"
       Link:
         C:\Program Files\Microsoft Visual Studio\2022\Community\VC\Tools\MSVC\14.43.34808\bin\HostX64\x64\link.exe /ERRORREPORT:PROMPT /OUT:"C:\Users\user\Desktop\VS\ос\OS\lab_5\Lab_5\x64\Debug\Lab-05c.exe" /INCREMENTAL /ILK:"x64\Debug\Lab-05c.ilk" /NOLOGO kernel32.lib user32.lib gdi32.lib winspool.lib comdlg32.lib advapi32.lib shell32.lib ole32.lib oleaut32.lib uuid.lib odbc32.lib odbccp32.lib /MANIFEST /MANIFESTUAC:"level='asInvoker' uiAccess='false'" /manifest:embed /DEBUG /PDB:"C:\Users\user\Desktop\VS\ос\OS\lab_5\Lab_5\x64\Debug\Lab-05c.pdb" /SUBSYSTEM:CONSOLE /TLBID:1 /DYNAMICBASE /NXCOMPAT /IMPLIB:"C:\Users\user\Desktop\VS\ос\OS\lab_5\Lab_5\x64\Debug\Lab-05c.lib" /MACHINE:X64 "x64\Debug\Lab-05c.obj"
         Lab-05c.vcxproj -> C:\Users\user\Desktop\VS\ос\OS\lab_5\Lab_5\x64\Debug\Lab-05c.exe
       FinalizeBuildStatus:
         Файл "x64\Debug\Lab-05c.tlog\unsuccessfulbuild" удаляется.
         Обращение к "x64\Debug\Lab-05c.tlog\Lab-05c.lastbuildstate".
     1>Сборка проекта "C:\Users\user\Desktop\VS\ос\OS\lab_5\Lab_5\Lab-05c\Lab-05c.vcxproj" завершена (целевые объекты Build).

Сборка успешно завершена.

       "C:\Users\user\Desktop\VS\ос\OS\lab_5\Lab_5\Lab-05c\Lab-05c.vcxproj" (целевой объект Build ) (1) ->
       (Целевой объект ClCompile) -> 
         C:\Users\user\Desktop\VS\ос\OS\lab_5\Lab_5\Lab-05c\Lab-05c.cpp(11,20): warning C4311: reinterpret_cast: усечение указателя из "LPVOID" в "int"
         C:\Users\user\Desktop\VS\ос\OS\lab_5\Lab_5\Lab-05c\Lab-05c.cpp(11,20): warning C4302: reinterpret_cast: усечение из "LPVOID" к "int"

    Предупреждений: 2
    Ошибок: 0

Прошло времени 00:00:02.94
