Сборка начата 13.10.2025 18:22:15.
Уровень детализации журнала: Normal.     1>Проект "C:\Users\user\Desktop\VS\ос\OS\lab_4\Lab_4\Lab_04d\Lab_04d.vcxproj" в узле 2 (целевые объекты Build).
     1>PrepareForBuild:
         Структурированный вывод включен. Форматирование диагностики компилятора будет отражать иерархию ошибок. Подробнее см. https://aka.ms/cpp/structured-output.
         Создание каталога "x64\Debug\Lab_04d.tlog\".
       InitializeBuildStatus:
         Создание "x64\Debug\Lab_04d.tlog\unsuccessfulbuild", так как было задано "AlwaysCreate".
         Обращение к "x64\Debug\Lab_04d.tlog\unsuccessfulbuild".
       ClCompile:
         C:\Program Files\Microsoft Visual Studio\2022\Community\VC\Tools\MSVC\14.43.34808\bin\HostX64\x64\CL.exe /c /ZI /JMC /nologo /W3 /WX- /diagnostics:column /sdl /Od /D _DEBUG /D _CONSOLE /D _UNICODE /D UNICODE /Gm- /EHsc /RTC1 /MDd /GS /fp:precise /Zc:wchar_t /Zc:forScope /Zc:inline /permissive- /Fo"x64\Debug\\" /Fd"x64\Debug\vc143.pdb" /external:W3 /Gd /TP /FC /errorReport:prompt Lab_04d.cpp
         Lab_04d.cpp
       Link:
         C:\Program Files\Microsoft Visual Studio\2022\Community\VC\Tools\MSVC\14.43.34808\bin\HostX64\x64\link.exe /ERRORREPORT:PROMPT /OUT:"C:\Users\user\Desktop\VS\ос\OS\lab_4\Lab_4\x64\Debug\Lab_04d.exe" /INCREMENTAL /ILK:"x64\Debug\Lab_04d.ilk" /NOLOGO kernel32.lib user32.lib gdi32.lib winspool.lib comdlg32.lib advapi32.lib shell32.lib ole32.lib oleaut32.lib uuid.lib odbc32.lib odbccp32.lib /MANIFEST /MANIFESTUAC:"level='asInvoker' uiAccess='false'" /manifest:embed /DEBUG /PDB:"C:\Users\user\Desktop\VS\ос\OS\lab_4\Lab_4\x64\Debug\Lab_04d.pdb" /SUBSYSTEM:CONSOLE /TLBID:1 /DYNAMICBASE /NXCOMPAT /IMPLIB:"C:\Users\user\Desktop\VS\ос\OS\lab_4\Lab_4\x64\Debug\Lab_04d.lib" /MACHINE:X64 x64\Debug\Lab_04d.obj
         Lab_04d.vcxproj -> C:\Users\user\Desktop\VS\ос\OS\lab_4\Lab_4\x64\Debug\Lab_04d.exe
       FinalizeBuildStatus:
         Файл "x64\Debug\Lab_04d.tlog\unsuccessfulbuild" удаляется.
         Обращение к "x64\Debug\Lab_04d.tlog\Lab_04d.lastbuildstate".
     1>Сборка проекта "C:\Users\user\Desktop\VS\ос\OS\lab_4\Lab_4\Lab_04d\Lab_04d.vcxproj" завершена (целевые объекты Build).

Сборка успешно завершена.
    Предупреждений: 0
    Ошибок: 0

Прошло времени 00:00:01.77
