Сборка начата 03.11.2025 19:57:02.
Уровень детализации журнала: Normal.     1>Проект "C:\Users\user\Desktop\VS\ос\OS\lab_5\Lab_5\Lab-05x\Lab-05x.vcxproj" в узле 3 (целевые объекты Build).
     1>PrepareForBuild:
         Структурированный вывод включен. Форматирование диагностики компилятора будет отражать иерархию ошибок. Подробнее см. https://aka.ms/cpp/structured-output.
       InitializeBuildStatus:
         Создание "x64\Debug\Lab-05x.tlog\unsuccessfulbuild", так как было задано "AlwaysCreate".
         Обращение к "x64\Debug\Lab-05x.tlog\unsuccessfulbuild".
       ClCompile:
         C:\Program Files\Microsoft Visual Studio\2022\Community\VC\Tools\MSVC\14.43.34808\bin\HostX64\x64\CL.exe /c /ZI /JMC /nologo /W3 /WX- /diagnostics:column /sdl /Od /D _DEBUG /D _CONSOLE /D _UNICODE /D UNICODE /Gm- /EHsc /RTC1 /MDd /GS /fp:precise /Zc:wchar_t /Zc:forScope /Zc:inline /permissive- /Fo"x64\Debug\\" /Fd"x64\Debug\vc143.pdb" /external:W3 /Gd /TP /FC /errorReport:prompt "Lab-05x.cpp"
         Lab-05x.cpp
       Link:
         C:\Program Files\Microsoft Visual Studio\2022\Community\VC\Tools\MSVC\14.43.34808\bin\HostX64\x64\link.exe /ERRORREPORT:PROMPT /OUT:"C:\Users\user\Desktop\VS\ос\OS\lab_5\Lab_5\x64\Debug\Lab-05x.exe" /INCREMENTAL /ILK:"x64\Debug\Lab-05x.ilk" /NOLOGO kernel32.lib user32.lib gdi32.lib winspool.lib comdlg32.lib advapi32.lib shell32.lib ole32.lib oleaut32.lib uuid.lib odbc32.lib odbccp32.lib /MANIFEST /MANIFESTUAC:"level='asInvoker' uiAccess='false'" /manifest:embed /DEBUG /PDB:"C:\Users\user\Desktop\VS\ос\OS\lab_5\Lab_5\x64\Debug\Lab-05x.pdb" /SUBSYSTEM:CONSOLE /TLBID:1 /DYNAMICBASE /NXCOMPAT /IMPLIB:"C:\Users\user\Desktop\VS\ос\OS\lab_5\Lab_5\x64\Debug\Lab-05x.lib" /MACHINE:X64 "x64\Debug\Lab-05x.obj"
         Lab-05x.vcxproj -> C:\Users\user\Desktop\VS\ос\OS\lab_5\Lab_5\x64\Debug\Lab-05x.exe
       FinalizeBuildStatus:
         Файл "x64\Debug\Lab-05x.tlog\unsuccessfulbuild" удаляется.
         Обращение к "x64\Debug\Lab-05x.tlog\Lab-05x.lastbuildstate".
     1>Сборка проекта "C:\Users\user\Desktop\VS\ос\OS\lab_5\Lab_5\Lab-05x\Lab-05x.vcxproj" завершена (целевые объекты Build).

Сборка успешно завершена.
    Предупреждений: 0
    Ошибок: 0

Прошло времени 00:00:02.08
